<?xml version="1.0" encoding="UTF-8" ?>
<testsuite errors="0" failures="0" hostname="cristian-Inspiron-3420" name="project.web.cartTest" skipped="0" tests="6" time="0.141" timestamp="2017-06-20T05:25:55">
  <properties>
[...]
</properties>
  <testcase classname="project.web.cartTest" name="testGetTotal" time="0.003" />
  <testcase classname="project.web.cartTest" name="testGetCartCount" time="0.001" />
  <testcase classname="project.web.cartTest" name="testGetCartContents" time="0.001" />
  <testcase classname="project.web.cartTest" name="testSetTotal" time="0.001" />
  <testcase classname="project.web.cartTest" name="testAdd" time="0.0" />
  <testcase classname="project.web.cartTest" name="testRemove" time="0.0" />
  <system-out><![CDATA[getTotal
getCartCount
getCartContents
setTotal
add
remove
]]></system-out>
  <system-err><![CDATA[]]></system-err>
</testsuite>
